\BOOKMARK [1][-]{section.1}{\376\377\000A\000b\000s\000t\000r\000a\000c\000t}{}% 1
\BOOKMARK [1][-]{section.2}{\376\377\000I\000n\000t\000r\000o\000d\000u\000c\000t\000i\000o\000n}{}% 2
\BOOKMARK [1][-]{section.3}{\376\377\000W\000o\000r\000k\000i\000n\000g\000\040\000O\000r\000g\000a\000n\000i\000s\000a\000t\000i\000o\000n}{}% 3
\BOOKMARK [2][-]{subsection.3.1}{\376\377\000T\000a\000s\000k\000s\000\040\000R\000e\000p\000a\000r\000t\000i\000t\000i\000o\000n}{section.3}% 4
\BOOKMARK [2][-]{subsection.3.2}{\376\377\000P\000l\000a\000n\000i\000f\000i\000c\000a\000t\000i\000o\000n}{section.3}% 5
\BOOKMARK [1][-]{section.4}{\376\377\000I\000m\000p\000l\000e\000m\000e\000n\000t\000a\000t\000i\000o\000n\000\040\000C\000h\000o\000i\000c\000e\000s}{}% 6
\BOOKMARK [2][-]{subsection.4.1}{\376\377\000A\000n\000t\000\040\000C\000o\000l\000o\000n\000y}{section.4}% 7
\BOOKMARK [2][-]{subsection.4.2}{\376\377\000B\000r\000a\000n\000c\000h\000\040\000a\000n\000d\000\040\000B\000o\000u\000n\000d}{section.4}% 8
\BOOKMARK [2][-]{subsection.4.3}{\376\377\000B\000r\000u\000t\000e\000\040\000F\000o\000r\000c\000e}{section.4}% 9
\BOOKMARK [2][-]{subsection.4.4}{\376\377\000D\000y\000n\000a\000m\000i\000c\000\040\000P\000r\000o\000g\000r\000a\000m\000m\000i\000n\000g}{section.4}% 10
\BOOKMARK [2][-]{subsection.4.5}{\376\377\000F\000u\000l\000l\000y\000\040\000p\000o\000l\000y\000n\000o\000m\000i\000a\000l\000\040\000t\000i\000m\000e\000\040\000a\000p\000p\000r\000o\000x\000i\000m\000a\000t\000i\000o\000n\000\040\000s\000c\000h\000e\000m\000e}{section.4}% 11
\BOOKMARK [2][-]{subsection.4.6}{\376\377\000G\000R\000A\000S\000P}{section.4}% 12
\BOOKMARK [2][-]{subsection.4.7}{\376\377\000G\000r\000e\000e\000d\000y}{section.4}% 13
\BOOKMARK [2][-]{subsection.4.8}{\376\377\000P\000e\000r\000s\000o\000n\000a\000l\000\040\000a\000p\000p\000r\000o\000a\000c\000h}{section.4}% 14
\BOOKMARK [1][-]{section.5}{\376\377\000T\000e\000s\000t\000s}{}% 15
\BOOKMARK [2][-]{subsection.5.1}{\376\377\000T\000e\000s\000t\000\040\000p\000r\000o\000c\000e\000d\000u\000r\000e}{section.5}% 16
\BOOKMARK [2][-]{subsection.5.2}{\376\377\000T\000e\000s\000t\000\040\000R\000e\000s\000u\000l\000t\000s}{section.5}% 17
\BOOKMARK [2][-]{subsection.5.3}{\376\377\000R\000e\000s\000u\000l\000t\000s\000\040\000I\000n\000t\000e\000r\000p\000r\000e\000t\000a\000t\000i\000o\000n}{section.5}% 18
\BOOKMARK [1][-]{section.6}{\376\377\000W\000o\000r\000k\000l\000o\000a\000d}{}% 19
\BOOKMARK [1][-]{section.7}{\376\377\000C\000o\000n\000c\000l\000u\000s\000i\000o\000n}{}% 20
\BOOKMARK [1][-]{appendix.A}{\376\377\000A\000n\000n\000e\000x\000e\000s}{}% 21
\BOOKMARK [2][-]{subsection.A.1}{\376\377\000A\000l\000g\000o\000r\000i\000t\000h\000m\000s}{appendix.A}% 22
\BOOKMARK [2][-]{subsection.A.2}{\376\377\000C\000h\000e\000c\000k\000l\000i\000s\000t}{appendix.A}% 23
